2026-05-26 10:44:33,479 [train] Loading tokenizer...
2026-05-26 10:44:34,359 [train] Tokenizer loaded.
2026-05-26 10:44:34,360 [train] Loading model with 4-bit QLoRA...
2026-05-26 10:44:37,341 [train] Model loaded.
2026-05-26 10:44:57,546 [train] Training records: 395
2026-05-26 10:45:48,450 [train] Loading tokenizer...
2026-05-26 10:45:49,548 [train] Tokenizer loaded.
2026-05-26 10:45:49,548 [train] Loading model with 4-bit QLoRA...
2026-05-26 10:45:52,245 [train] Model loaded.
2026-05-26 10:46:12,413 [train] Training records: 395
2026-05-26 10:46:57,975 [train] Loading tokenizer...
2026-05-26 10:46:59,095 [train] Tokenizer loaded.
2026-05-26 10:46:59,096 [train] Loading model with 4-bit QLoRA...
2026-05-26 10:47:01,788 [train] Model loaded.
2026-05-26 10:47:21,947 [train] Training records: 395
2026-05-26 10:49:22,584 [train] Loading tokenizer...
2026-05-26 10:49:23,474 [train] Tokenizer loaded.
2026-05-26 10:49:23,474 [train] Loading model with 4-bit QLoRA...
2026-05-26 10:49:25,972 [train] Model loaded.
2026-05-26 10:49:46,140 [train] Training records: 395
2026-05-26 10:51:23,812 [train] Loading tokenizer...
2026-05-26 10:51:24,645 [train] Tokenizer loaded.
2026-05-26 10:51:24,645 [train] Loading model with 4-bit QLoRA...
2026-05-26 10:51:27,088 [train] Model loaded.
2026-05-26 10:51:47,281 [train] Training records: 395
2026-05-26 10:51:53,341 [train] Starting fine-tuning...
2026-05-26 10:53:35,684 [train] Training complete! Loss: 0.0000
